C:\Users\danyo\Desktop\Modelos de Software\Donaciones\Donaciones\ClientApp\dist\out-tsc\e2e\src\app.po.js
C:\Users\danyo\Desktop\Modelos de Software\Donaciones\Donaciones\ClientApp\dist\out-tsc\e2e\src\app.po.js.map
C:\Users\danyo\Desktop\Modelos de Software\Donaciones\Donaciones\ClientApp\dist\out-tsc\e2e\src\app.e2e-spec.js
C:\Users\danyo\Desktop\Modelos de Software\Donaciones\Donaciones\ClientApp\dist\out-tsc\e2e\src\app.e2e-spec.js.map
C:\Users\danyo\Desktop\Modelos de Software\Donaciones\Donaciones\ClientApp\dist\out-tsc\src\app\models\base.js
C:\Users\danyo\Desktop\Modelos de Software\Donaciones\Donaciones\ClientApp\dist\out-tsc\src\app\models\base.js.map
C:\Users\danyo\Desktop\Modelos de Software\Donaciones\Donaciones\ClientApp\dist\out-tsc\src\app\models\donacionSolicitudItem.js
C:\Users\danyo\Desktop\Modelos de Software\Donaciones\Donaciones\ClientApp\dist\out-tsc\src\app\models\donacionSolicitudItem.js.map
C:\Users\danyo\Desktop\Modelos de Software\Donaciones\Donaciones\ClientApp\dist\out-tsc\src\app\models\estado.js
C:\Users\danyo\Desktop\Modelos de Software\Donaciones\Donaciones\ClientApp\dist\out-tsc\src\app\models\estado.js.map
C:\Users\danyo\Desktop\Modelos de Software\Donaciones\Donaciones\ClientApp\dist\out-tsc\src\app\models\usuarioOrganizacion.js
C:\Users\danyo\Desktop\Modelos de Software\Donaciones\Donaciones\ClientApp\dist\out-tsc\src\app\models\usuarioOrganizacion.js.map
C:\Users\danyo\Desktop\Modelos de Software\Donaciones\Donaciones\ClientApp\dist\out-tsc\src\app\models\usuario.js
C:\Users\danyo\Desktop\Modelos de Software\Donaciones\Donaciones\ClientApp\dist\out-tsc\src\app\models\usuario.js.map
C:\Users\danyo\Desktop\Modelos de Software\Donaciones\Donaciones\ClientApp\dist\out-tsc\src\app\models\organizacion.js
C:\Users\danyo\Desktop\Modelos de Software\Donaciones\Donaciones\ClientApp\dist\out-tsc\src\app\models\organizacion.js.map
C:\Users\danyo\Desktop\Modelos de Software\Donaciones\Donaciones\ClientApp\dist\out-tsc\src\app\models\donacionSolicitud.js
C:\Users\danyo\Desktop\Modelos de Software\Donaciones\Donaciones\ClientApp\dist\out-tsc\src\app\models\donacionSolicitud.js.map
C:\Users\danyo\Desktop\Modelos de Software\Donaciones\Donaciones\ClientApp\dist\out-tsc\src\app\models\donacion.js
C:\Users\danyo\Desktop\Modelos de Software\Donaciones\Donaciones\ClientApp\dist\out-tsc\src\app\models\donacion.js.map
C:\Users\danyo\Desktop\Modelos de Software\Donaciones\Donaciones\ClientApp\dist\out-tsc\src\app\services\donacionSolicitud.service.js
C:\Users\danyo\Desktop\Modelos de Software\Donaciones\Donaciones\ClientApp\dist\out-tsc\src\app\services\donacionSolicitud.service.js.map
C:\Users\danyo\Desktop\Modelos de Software\Donaciones\Donaciones\ClientApp\dist\out-tsc\src\app\services\estado.service copy.js
C:\Users\danyo\Desktop\Modelos de Software\Donaciones\Donaciones\ClientApp\dist\out-tsc\src\app\services\estado.service copy.js.map
C:\Users\danyo\Desktop\Modelos de Software\Donaciones\Donaciones\ClientApp\dist\out-tsc\src\app\services\organizacion.service.js
C:\Users\danyo\Desktop\Modelos de Software\Donaciones\Donaciones\ClientApp\dist\out-tsc\src\app\services\organizacion.service.js.map
C:\Users\danyo\Desktop\Modelos de Software\Donaciones\Donaciones\ClientApp\dist\out-tsc\src\app\services\usuario.service.js
C:\Users\danyo\Desktop\Modelos de Software\Donaciones\Donaciones\ClientApp\dist\out-tsc\src\app\services\usuario.service.js.map
C:\Users\danyo\Desktop\Modelos de Software\Donaciones\Donaciones\ClientApp\dist\out-tsc\src\app\components\donacion-solicitud\donacion-solicitud-form\donacion-solicitud-form.component.js
C:\Users\danyo\Desktop\Modelos de Software\Donaciones\Donaciones\ClientApp\dist\out-tsc\src\app\components\donacion-solicitud\donacion-solicitud-form\donacion-solicitud-form.component.js.map
C:\Users\danyo\Desktop\Modelos de Software\Donaciones\Donaciones\ClientApp\dist\out-tsc\src\app\components\donacion-solicitud\donacion-solicitud.component.js
C:\Users\danyo\Desktop\Modelos de Software\Donaciones\Donaciones\ClientApp\dist\out-tsc\src\app\components\donacion-solicitud\donacion-solicitud.component.js.map
C:\Users\danyo\Desktop\Modelos de Software\Donaciones\Donaciones\ClientApp\dist\out-tsc\src\app\services\donacion.service.js
C:\Users\danyo\Desktop\Modelos de Software\Donaciones\Donaciones\ClientApp\dist\out-tsc\src\app\services\donacion.service.js.map
C:\Users\danyo\Desktop\Modelos de Software\Donaciones\Donaciones\ClientApp\dist\out-tsc\src\app\components\donacion-solicitud\donar-solicitud-form\donar-solicitud-form.component.js
C:\Users\danyo\Desktop\Modelos de Software\Donaciones\Donaciones\ClientApp\dist\out-tsc\src\app\components\donacion-solicitud\donar-solicitud-form\donar-solicitud-form.component.js.map
C:\Users\danyo\Desktop\Modelos de Software\Donaciones\Donaciones\ClientApp\dist\out-tsc\src\app\components\donaciones\donaciones.component.js
C:\Users\danyo\Desktop\Modelos de Software\Donaciones\Donaciones\ClientApp\dist\out-tsc\src\app\components\donaciones\donaciones.component.js.map
C:\Users\danyo\Desktop\Modelos de Software\Donaciones\Donaciones\ClientApp\dist\out-tsc\src\app\components\home\home.component.js
C:\Users\danyo\Desktop\Modelos de Software\Donaciones\Donaciones\ClientApp\dist\out-tsc\src\app\components\home\home.component.js.map
C:\Users\danyo\Desktop\Modelos de Software\Donaciones\Donaciones\ClientApp\dist\out-tsc\src\app\components\organizacion\organizacion-form\organizacion-form.component.js
C:\Users\danyo\Desktop\Modelos de Software\Donaciones\Donaciones\ClientApp\dist\out-tsc\src\app\components\organizacion\organizacion-form\organizacion-form.component.js.map
C:\Users\danyo\Desktop\Modelos de Software\Donaciones\Donaciones\ClientApp\dist\out-tsc\src\app\components\organizacion\organizacion.component.js
C:\Users\danyo\Desktop\Modelos de Software\Donaciones\Donaciones\ClientApp\dist\out-tsc\src\app\components\organizacion\organizacion.component.js.map
C:\Users\danyo\Desktop\Modelos de Software\Donaciones\Donaciones\ClientApp\dist\out-tsc\src\app\components\usuario\usuario-form\usuario-form.component.js
C:\Users\danyo\Desktop\Modelos de Software\Donaciones\Donaciones\ClientApp\dist\out-tsc\src\app\components\usuario\usuario-form\usuario-form.component.js.map
C:\Users\danyo\Desktop\Modelos de Software\Donaciones\Donaciones\ClientApp\dist\out-tsc\src\app\components\usuario\usuario.component.js
C:\Users\danyo\Desktop\Modelos de Software\Donaciones\Donaciones\ClientApp\dist\out-tsc\src\app\components\usuario\usuario.component.js.map
C:\Users\danyo\Desktop\Modelos de Software\Donaciones\Donaciones\ClientApp\dist\out-tsc\src\app\app-routing.module.js
C:\Users\danyo\Desktop\Modelos de Software\Donaciones\Donaciones\ClientApp\dist\out-tsc\src\app\app-routing.module.js.map
C:\Users\danyo\Desktop\Modelos de Software\Donaciones\Donaciones\ClientApp\dist\out-tsc\src\app\app.component.js
C:\Users\danyo\Desktop\Modelos de Software\Donaciones\Donaciones\ClientApp\dist\out-tsc\src\app\app.component.js.map
C:\Users\danyo\Desktop\Modelos de Software\Donaciones\Donaciones\ClientApp\dist\out-tsc\src\app\app.module.js
C:\Users\danyo\Desktop\Modelos de Software\Donaciones\Donaciones\ClientApp\dist\out-tsc\src\app\app.module.js.map
C:\Users\danyo\Desktop\Modelos de Software\Donaciones\Donaciones\ClientApp\dist\out-tsc\src\environments\environment.js
C:\Users\danyo\Desktop\Modelos de Software\Donaciones\Donaciones\ClientApp\dist\out-tsc\src\environments\environment.js.map
C:\Users\danyo\Desktop\Modelos de Software\Donaciones\Donaciones\ClientApp\dist\out-tsc\src\main.js
C:\Users\danyo\Desktop\Modelos de Software\Donaciones\Donaciones\ClientApp\dist\out-tsc\src\main.js.map
C:\Users\danyo\Desktop\Modelos de Software\Donaciones\Donaciones\ClientApp\dist\out-tsc\src\polyfills.js
C:\Users\danyo\Desktop\Modelos de Software\Donaciones\Donaciones\ClientApp\dist\out-tsc\src\polyfills.js.map
C:\Users\danyo\Desktop\Modelos de Software\Donaciones\Donaciones\ClientApp\dist\out-tsc\src\test.js
C:\Users\danyo\Desktop\Modelos de Software\Donaciones\Donaciones\ClientApp\dist\out-tsc\src\test.js.map
C:\Users\danyo\Desktop\Modelos de Software\Donaciones\Donaciones\ClientApp\dist\out-tsc\src\app\app.component.spec.js
C:\Users\danyo\Desktop\Modelos de Software\Donaciones\Donaciones\ClientApp\dist\out-tsc\src\app\app.component.spec.js.map
C:\Users\danyo\Desktop\Modelos de Software\Donaciones\Donaciones\ClientApp\dist\out-tsc\src\app\models\donacionItem.js
C:\Users\danyo\Desktop\Modelos de Software\Donaciones\Donaciones\ClientApp\dist\out-tsc\src\app\models\donacionItem.js.map
C:\Users\danyo\Desktop\Modelos de Software\Donaciones\Donaciones\ClientApp\dist\out-tsc\src\app\services\donacionItem.service.js
C:\Users\danyo\Desktop\Modelos de Software\Donaciones\Donaciones\ClientApp\dist\out-tsc\src\app\services\donacionItem.service.js.map
C:\Users\danyo\Desktop\Modelos de Software\Donaciones\Donaciones\ClientApp\dist\out-tsc\src\app\services\donacionSolicitudItem.service.js
C:\Users\danyo\Desktop\Modelos de Software\Donaciones\Donaciones\ClientApp\dist\out-tsc\src\app\services\donacionSolicitudItem.service.js.map
C:\Users\danyo\Desktop\Modelos de Software\Donaciones\Donaciones\ClientApp\dist\out-tsc\src\environments\environment.prod.js
C:\Users\danyo\Desktop\Modelos de Software\Donaciones\Donaciones\ClientApp\dist\out-tsc\src\environments\environment.prod.js.map
